<?xml version="1.0" encoding="UTF-8"?>
<!-- Generated by org.testng.reporters.JUnitReportReporter -->
<testsuite skipped="0" hostname="DESKTOP-HQ74KQ8" name="com.crm.qa.testcases.ContactsPageTest" tests="5" failures="0" timestamp="2019-12-16T16:49:26 IST" time="401.178" errors="0">
  <testcase name="createNewContactTest" time="80.940" classname="com.crm.qa.testcases.ContactsPageTest"/>
  <testcase name="createNewContactTest" time="76.315" classname="com.crm.qa.testcases.ContactsPageTest"/>
  <testcase name="createNewContactTest" time="72.941" classname="com.crm.qa.testcases.ContactsPageTest"/>
  <testcase name="verifyContactsTextTest" time="76.935" classname="com.crm.qa.testcases.ContactsPageTest"/>
  <testcase name="verifyNameLableTest" time="94.047" classname="com.crm.qa.testcases.ContactsPageTest"/>
</testsuite> <!-- com.crm.qa.testcases.ContactsPageTest -->
