<?xml version="1.0" encoding="UTF-8"?>
<!-- Generated by org.testng.reporters.JUnitReportReporter -->
<testsuite skipped="0" hostname="DESKTOP-HQ74KQ8" name="com.crm.qa.testcases.HomePageTest" tests="3" failures="0" timestamp="2019-12-13T22:55:53 IST" time="130.350" errors="0">
  <testcase name="verifyUserNameTest" time="42.364" classname="com.crm.qa.testcases.HomePageTest"/>
  <testcase name="verifyHomePageTitleTest" time="41.574" classname="com.crm.qa.testcases.HomePageTest"/>
  <testcase name="clickonContactsLinkTest" time="46.412" classname="com.crm.qa.testcases.HomePageTest"/>
</testsuite> <!-- com.crm.qa.testcases.HomePageTest -->
