<?xml version="1.0" encoding="UTF-8"?>
<!-- Generated by org.testng.reporters.JUnitReportReporter -->
<testsuite skipped="0" hostname="DESKTOP-HQ74KQ8" name="com.crm.qa.testcases.ContactsPageTest" tests="5" failures="0" timestamp="2019-12-14T11:23:06 IST" time="144.445" errors="0">
  <testcase name="createNewContactTest" time="34.919" classname="com.crm.qa.testcases.ContactsPageTest"/>
  <testcase name="createNewContactTest" time="27.551" classname="com.crm.qa.testcases.ContactsPageTest"/>
  <testcase name="createNewContactTest" time="28.461" classname="com.crm.qa.testcases.ContactsPageTest"/>
  <testcase name="verifyContactsTextTest" time="25.745" classname="com.crm.qa.testcases.ContactsPageTest"/>
  <testcase name="verifyNameLableTest" time="27.769" classname="com.crm.qa.testcases.ContactsPageTest"/>
</testsuite> <!-- com.crm.qa.testcases.ContactsPageTest -->
