<?xml version="1.0" encoding="UTF-8"?>
<!-- Generated by org.testng.reporters.JUnitReportReporter -->
<testsuite skipped="0" hostname="DESKTOP-HQ74KQ8" name="com.crm.qa.testcases.DealsPageTest" tests="3" failures="0" timestamp="2019-12-14T16:50:53 IST" time="101.919" errors="0">
  <testcase name="createNewDealTest" time="34.306" classname="com.crm.qa.testcases.DealsPageTest"/>
  <testcase name="createNewDealTest" time="32.577" classname="com.crm.qa.testcases.DealsPageTest"/>
  <testcase name="createNewDealTest" time="35.036" classname="com.crm.qa.testcases.DealsPageTest"/>
</testsuite> <!-- com.crm.qa.testcases.DealsPageTest -->
