<?xml version="1.0" encoding="UTF-8"?>
<!-- Generated by org.testng.reporters.JUnitReportReporter -->
<testsuite skipped="0" hostname="DESKTOP-HQ74KQ8" name="com.crm.qa.testcases.HomePageTest" tests="3" failures="0" timestamp="2019-12-14T11:23:06 IST" time="117.673" errors="0">
  <testcase name="verifyUserNameTest" time="52.725" classname="com.crm.qa.testcases.HomePageTest"/>
  <testcase name="verifyHomePageTitleTest" time="36.851" classname="com.crm.qa.testcases.HomePageTest"/>
  <testcase name="clickonContactsLinkTest" time="28.097" classname="com.crm.qa.testcases.HomePageTest"/>
</testsuite> <!-- com.crm.qa.testcases.HomePageTest -->
