<?xml version="1.0" encoding="UTF-8"?>
<!-- Generated by org.testng.reporters.JUnitReportReporter -->
<testsuite skipped="0" hostname="DESKTOP-HQ74KQ8" name="com.crm.qa.testcases.LoginPageTest" tests="3" failures="0" timestamp="2019-12-13T21:12:45 IST" time="103.398" errors="0">
  <testcase name="loginPageTitleTest" time="26.508" classname="com.crm.qa.testcases.LoginPageTest"/>
  <testcase name="crmLogotest" time="29.141" classname="com.crm.qa.testcases.LoginPageTest"/>
  <testcase name="LoginTest" time="47.749" classname="com.crm.qa.testcases.LoginPageTest"/>
</testsuite> <!-- com.crm.qa.testcases.LoginPageTest -->
