<?xml version="1.0" encoding="UTF-8"?>
<!-- Generated by org.testng.reporters.JUnitReportReporter -->
<testsuite skipped="1" hostname="DESKTOP-HQ74KQ8" name="com.crm.qa.testcases.DealsPageTest" tests="2" failures="0" timestamp="2019-12-14T17:35:32 IST" time="44.088" errors="0">
  <testcase name="verifydealsTextTest" time="44.088" classname="com.crm.qa.testcases.DealsPageTest"/>
  <testcase name="createNewDealTest" classname="com.crm.qa.testcases.DealsPageTest">
    <skipped/>
  </testcase> <!-- createNewDealTest -->
</testsuite> <!-- com.crm.qa.testcases.DealsPageTest -->
