<?xml version="1.0" encoding="UTF-8"?>
<!-- Generated by org.testng.reporters.JUnitReportReporter -->
<testsuite skipped="2" hostname="DESKTOP-HQ74KQ8" name="com.crm.qa.testcases.ContactsPageTest" tests="5" failures="0" timestamp="2019-12-13T21:12:45 IST" time="239.611" errors="0">
  <testcase name="createNewContactTest" time="96.686" classname="com.crm.qa.testcases.ContactsPageTest"/>
  <testcase name="createNewContactTest" time="67.674" classname="com.crm.qa.testcases.ContactsPageTest"/>
  <testcase name="createNewContactTest" time="75.251" classname="com.crm.qa.testcases.ContactsPageTest"/>
  <testcase name="verifyContactsTextTest" classname="com.crm.qa.testcases.ContactsPageTest">
    <skipped/>
  </testcase> <!-- verifyContactsTextTest -->
  <testcase name="verifyNameLableTest" classname="com.crm.qa.testcases.ContactsPageTest">
    <skipped/>
  </testcase> <!-- verifyNameLableTest -->
</testsuite> <!-- com.crm.qa.testcases.ContactsPageTest -->
