<?xml version="1.0" encoding="UTF-8"?>
<!-- Generated by org.testng.reporters.JUnitReportReporter -->
<testsuite skipped="0" hostname="DESKTOP-HQ74KQ8" name="com.crm.qa.testcases.LoginPageTest" tests="3" failures="0" timestamp="2019-12-16T16:49:26 IST" time="151.076" errors="0">
  <testcase name="loginPageTitleTest" time="35.314" classname="com.crm.qa.testcases.LoginPageTest"/>
  <testcase name="crmLogotest" time="34.422" classname="com.crm.qa.testcases.LoginPageTest"/>
  <testcase name="LoginTest" time="81.340" classname="com.crm.qa.testcases.LoginPageTest"/>
</testsuite> <!-- com.crm.qa.testcases.LoginPageTest -->
