<?xml version="1.0" encoding="UTF-8"?>
<!-- Generated by org.testng.reporters.JUnitReportReporter -->
<testsuite skipped="0" hostname="DESKTOP-HQ74KQ8" name="com.crm.qa.testcases.ContactsPageTest" tests="5" failures="0" timestamp="2020-01-20T13:51:42 IST" time="302.333" errors="0">
  <testcase name="createNewContactTest" time="58.069" classname="com.crm.qa.testcases.ContactsPageTest"/>
  <testcase name="createNewContactTest" time="86.306" classname="com.crm.qa.testcases.ContactsPageTest"/>
  <testcase name="createNewContactTest" time="49.146" classname="com.crm.qa.testcases.ContactsPageTest"/>
  <testcase name="verifyContactsTextTest" time="60.853" classname="com.crm.qa.testcases.ContactsPageTest"/>
  <testcase name="verifyNameLableTest" time="47.959" classname="com.crm.qa.testcases.ContactsPageTest"/>
</testsuite> <!-- com.crm.qa.testcases.ContactsPageTest -->
