<?xml version="1.0" encoding="UTF-8"?>
<!-- Generated by org.testng.reporters.JUnitReportReporter -->
<testsuite skipped="0" hostname="DESKTOP-HQ74KQ8" name="com.crm.qa.testcases.LoginPageTest" tests="3" failures="0" timestamp="2020-01-20T13:51:42 IST" time="132.415" errors="0">
  <testcase name="loginPageTitleTest" time="29.037" classname="com.crm.qa.testcases.LoginPageTest"/>
  <testcase name="crmLogotest" time="31.205" classname="com.crm.qa.testcases.LoginPageTest"/>
  <testcase name="LoginTest" time="72.173" classname="com.crm.qa.testcases.LoginPageTest"/>
</testsuite> <!-- com.crm.qa.testcases.LoginPageTest -->
