<?xml version="1.0" encoding="UTF-8"?>
<!-- Generated by org.testng.reporters.JUnitReportReporter -->
<testsuite skipped="0" hostname="DESKTOP-HQ74KQ8" name="com.crm.qa.testcases.LoginPageTest" tests="3" failures="0" timestamp="2019-12-13T22:55:53 IST" time="100.384" errors="0">
  <testcase name="loginPageTitleTest" time="17.918" classname="com.crm.qa.testcases.LoginPageTest"/>
  <testcase name="crmLogotest" time="36.550" classname="com.crm.qa.testcases.LoginPageTest"/>
  <testcase name="LoginTest" time="45.916" classname="com.crm.qa.testcases.LoginPageTest"/>
</testsuite> <!-- com.crm.qa.testcases.LoginPageTest -->
