<?xml version="1.0" encoding="UTF-8"?>
<!-- Generated by org.testng.reporters.JUnitReportReporter -->
<testsuite skipped="0" hostname="DESKTOP-HQ74KQ8" name="com.crm.qa.testcases.LoginPageTest" tests="3" failures="0" timestamp="2019-12-14T11:23:06 IST" time="68.291" errors="0">
  <testcase name="loginPageTitleTest" time="18.359" classname="com.crm.qa.testcases.LoginPageTest"/>
  <testcase name="crmLogotest" time="21.331" classname="com.crm.qa.testcases.LoginPageTest"/>
  <testcase name="LoginTest" time="28.601" classname="com.crm.qa.testcases.LoginPageTest"/>
</testsuite> <!-- com.crm.qa.testcases.LoginPageTest -->
