<?xml version="1.0" encoding="UTF-8"?>
<!-- Generated by org.testng.reporters.JUnitReportReporter -->
<testsuite skipped="0" hostname="DESKTOP-HQ74KQ8" name="com.crm.qa.testcases.HomePageTest" tests="3" failures="0" timestamp="2019-12-16T16:49:26 IST" time="243.142" errors="0">
  <testcase name="verifyUserNameTest" time="82.661" classname="com.crm.qa.testcases.HomePageTest"/>
  <testcase name="verifyHomePageTitleTest" time="66.928" classname="com.crm.qa.testcases.HomePageTest"/>
  <testcase name="clickonContactsLinkTest" time="93.553" classname="com.crm.qa.testcases.HomePageTest"/>
</testsuite> <!-- com.crm.qa.testcases.HomePageTest -->
