<?xml version="1.0" encoding="UTF-8"?>
<!-- Generated by org.testng.reporters.JUnitReportReporter -->
<testsuite skipped="0" hostname="DESKTOP-HQ74KQ8" name="com.crm.qa.testcases.DealsPageTest" tests="4" failures="0" timestamp="2020-01-20T13:51:42 IST" time="240.991" errors="0">
  <testcase name="createNewDealTest" time="57.701" classname="com.crm.qa.testcases.DealsPageTest"/>
  <testcase name="createNewDealTest" time="74.667" classname="com.crm.qa.testcases.DealsPageTest"/>
  <testcase name="createNewDealTest" time="70.324" classname="com.crm.qa.testcases.DealsPageTest"/>
  <testcase name="verifydealsTextTest" time="38.299" classname="com.crm.qa.testcases.DealsPageTest"/>
</testsuite> <!-- com.crm.qa.testcases.DealsPageTest -->
